This file contains any messages produced by compilers while
running configure, to aid debugging if configure makes a mistake.

It was created by bluez configure 5.41, which was
generated by GNU Autoconf 2.69.  Invocation command line was

  $ ./configure --disable-systemd

## --------- ##
## Platform. ##
## --------- ##

hostname = raspberrypi
uname -m = armv6l
uname -r = 4.19.75+
uname -s = Linux
uname -v = #1270 Tue Sep 24 18:38:54 BST 2019

/usr/bin/uname -p = unknown
/bin/uname -X     = unknown

/bin/arch              = unknown
/usr/bin/arch -k       = unknown
/usr/convex/getsysinfo = unknown
/usr/bin/hostinfo      = unknown
/bin/machine           = unknown
/usr/bin/oslevel       = unknown
/bin/universe          = unknown

PATH: /usr/local/sbin
PATH: /usr/local/bin
PATH: /usr/sbin
PATH: /usr/bin
PATH: /sbin
PATH: /bin


## ----------- ##
## Core tests. ##
## ----------- ##

configure:2415: checking for a BSD-compatible install
configure:2483: result: /usr/bin/install -c
configure:2494: checking whether build environment is sane
configure:2549: result: yes
configure:2698: checking for a thread-safe mkdir -p
configure:2737: result: /bin/mkdir -p
configure:2744: checking for gawk
configure:2774: result: no
configure:2744: checking for mawk
configure:2760: found /usr/bin/mawk
configure:2771: result: mawk
configure:2782: checking whether make sets $(MAKE)
configure:2804: result: yes
configure:2833: checking whether make supports nested variables
configure:2850: result: yes
configure:2929: checking how to create a pax tar archive
configure:2940: tar --version
tar (GNU tar) 1.30
Copyright (C) 2017 Free Software Foundation, Inc.
License GPLv3+: GNU GPL version 3 or later <https://gnu.org/licenses/gpl.html>.
This is free software: you are free to change and redistribute it.
There is NO WARRANTY, to the extent permitted by law.

Written by John Gilmore and Jay Fenlason.
configure:2943: $? = 0
configure:2983: tardir=conftest.dir && eval tar --format=posix -chf - "$tardir" >conftest.tar
configure:2986: $? = 0
configure:2990: tar -xf - <conftest.tar
configure:2993: $? = 0
configure:2995: cat conftest.dir/file
GrepMe
configure:2998: $? = 0
configure:3011: result: gnutar
configure:3075: checking for style of include used by make
configure:3103: result: GNU
configure:3174: checking for gcc
configure:3190: found /usr/bin/gcc
configure:3201: result: gcc
configure:3430: checking for C compiler version
configure:3439: gcc --version >&5
gcc (Raspbian 8.3.0-6+rpi1) 8.3.0
Copyright (C) 2018 Free Software Foundation, Inc.
This is free software; see the source for copying conditions.  There is NO
warranty; not even for MERCHANTABILITY or FITNESS FOR A PARTICULAR PURPOSE.

configure:3450: $? = 0
configure:3439: gcc -v >&5
Using built-in specs.
COLLECT_GCC=gcc
COLLECT_LTO_WRAPPER=/usr/lib/gcc/arm-linux-gnueabihf/8/lto-wrapper
Target: arm-linux-gnueabihf
Configured with: ../src/configure -v --with-pkgversion='Raspbian 8.3.0-6+rpi1' --with-bugurl=file:///usr/share/doc/gcc-8/README.Bugs --enable-languages=c,ada,c++,go,d,fortran,objc,obj-c++ --prefix=/usr --with-gcc-major-version-only --program-suffix=-8 --program-prefix=arm-linux-gnueabihf- --enable-shared --enable-linker-build-id --libexecdir=/usr/lib --without-included-gettext --enable-threads=posix --libdir=/usr/lib --enable-nls --enable-bootstrap --enable-clocale=gnu --enable-libstdcxx-debug --enable-libstdcxx-time=yes --with-default-libstdcxx-abi=new --enable-gnu-unique-object --disable-libitm --disable-libquadmath --disable-libquadmath-support --enable-plugin --with-system-zlib --with-target-system-zlib --enable-objc-gc=auto --enable-multiarch --disable-sjlj-exceptions --with-arch=armv6 --with-fpu=vfp --with-float=hard --disable-werror --enable-checking=release --build=arm-linux-gnueabihf --host=arm-linux-gnueabihf --target=arm-linux-gnueabihf
Thread model: posix
gcc version 8.3.0 (Raspbian 8.3.0-6+rpi1) 
configure:3450: $? = 0
configure:3439: gcc -V >&5
gcc: error: unrecognized command line option '-V'
gcc: fatal error: no input files
compilation terminated.
configure:3450: $? = 1
configure:3439: gcc -qversion >&5
gcc: error: unrecognized command line option '-qversion'; did you mean '--version'?
gcc: fatal error: no input files
compilation terminated.
configure:3450: $? = 1
configure:3470: checking whether the C compiler works
configure:3492: gcc    conftest.c  >&5
configure:3496: $? = 0
configure:3544: result: yes
configure:3547: checking for C compiler default output file name
configure:3549: result: a.out
configure:3555: checking for suffix of executables
configure:3562: gcc -o conftest    conftest.c  >&5
configure:3566: $? = 0
configure:3588: result: 
configure:3610: checking whether we are cross compiling
configure:3618: gcc -o conftest    conftest.c  >&5
configure:3622: $? = 0
configure:3629: ./conftest
configure:3633: $? = 0
configure:3621: result: no
configure:3626: checking for suffix of object files
configure:3648: gcc -c   conftest.c >&5
configure:3652: $? = 0
configure:3673: result: o
configure:3677: checking whether we are using the GNU C compiler
configure:3696: gcc -c   conftest.c >&5
configure:3696: $? = 0
configure:3705: result: yes
configure:3714: checking whether gcc accepts -g
configure:3734: gcc -c -g  conftest.c >&5
configure:3734: $? = 0
configure:3775: result: yes
configure:3792: checking for gcc option to accept ISO C89
configure:3855: gcc  -c -g -O2  conftest.c >&5
configure:3855: $? = 0
configure:3868: result: none needed
configure:3893: checking whether gcc understands -c and -o together
configure:3915: gcc -c conftest.c -o conftest2.o
configure:3918: $? = 0
configure:3915: gcc -c conftest.c -o conftest2.o
configure:3918: $? = 0
configure:3930: result: yes
configure:3949: checking dependency style of gcc
configure:4060: result: gcc3
configure:4081: checking how to run the C preprocessor
configure:4112: gcc -E  conftest.c
configure:4112: $? = 0
configure:4126: gcc -E  conftest.c
conftest.c:11:10: fatal error: ac_nonexistent.h: No such file or directory
 #include <ac_nonexistent.h>
          ^~~~~~~~~~~~~~~~~~
compilation terminated.
configure:4126: $? = 1
configure: failed program was:
| /* confdefs.h */
| #define PACKAGE_NAME "bluez"
| #define PACKAGE_TARNAME "bluez"
| #define PACKAGE_VERSION "5.41"
| #define PACKAGE_STRING "bluez 5.41"
| #define PACKAGE_BUGREPORT ""
| #define PACKAGE_URL ""
| #define PACKAGE "bluez"
| #define VERSION "5.41"
| /* end confdefs.h.  */
| #include <ac_nonexistent.h>
configure:4151: result: gcc -E
configure:4171: gcc -E  conftest.c
configure:4171: $? = 0
configure:4185: gcc -E  conftest.c
conftest.c:11:10: fatal error: ac_nonexistent.h: No such file or directory
 #include <ac_nonexistent.h>
          ^~~~~~~~~~~~~~~~~~
compilation terminated.
configure:4185: $? = 1
configure: failed program was:
| /* confdefs.h */
| #define PACKAGE_NAME "bluez"
| #define PACKAGE_TARNAME "bluez"
| #define PACKAGE_VERSION "5.41"
| #define PACKAGE_STRING "bluez 5.41"
| #define PACKAGE_BUGREPORT ""
| #define PACKAGE_URL ""
| #define PACKAGE "bluez"
| #define VERSION "5.41"
| /* end confdefs.h.  */
| #include <ac_nonexistent.h>
configure:4214: checking for grep that handles long lines and -e
configure:4272: result: /bin/grep
configure:4277: checking for egrep
configure:4339: result: /bin/grep -E
configure:4344: checking for ANSI C header files
configure:4364: gcc -c -g -O2  conftest.c >&5
configure:4364: $? = 0
configure:4437: gcc -o conftest -g -O2   conftest.c  >&5
configure:4437: $? = 0
configure:4437: ./conftest
configure:4437: $? = 0
configure:4448: result: yes
configure:4461: checking for sys/types.h
configure:4461: gcc -c -g -O2  conftest.c >&5
configure:4461: $? = 0
configure:4461: result: yes
configure:4461: checking for sys/stat.h
configure:4461: gcc -c -g -O2  conftest.c >&5
configure:4461: $? = 0
configure:4461: result: yes
configure:4461: checking for stdlib.h
configure:4461: gcc -c -g -O2  conftest.c >&5
configure:4461: $? = 0
configure:4461: result: yes
configure:4461: checking for string.h
configure:4461: gcc -c -g -O2  conftest.c >&5
configure:4461: $? = 0
configure:4461: result: yes
configure:4461: checking for memory.h
configure:4461: gcc -c -g -O2  conftest.c >&5
configure:4461: $? = 0
configure:4461: result: yes
configure:4461: checking for strings.h
configure:4461: gcc -c -g -O2  conftest.c >&5
configure:4461: $? = 0
configure:4461: result: yes
configure:4461: checking for inttypes.h
configure:4461: gcc -c -g -O2  conftest.c >&5
configure:4461: $? = 0
configure:4461: result: yes
configure:4461: checking for stdint.h
configure:4461: gcc -c -g -O2  conftest.c >&5
configure:4461: $? = 0
configure:4461: result: yes
configure:4461: checking for unistd.h
configure:4461: gcc -c -g -O2  conftest.c >&5
configure:4461: $? = 0
configure:4461: result: yes
configure:4474: checking minix/config.h usability
configure:4474: gcc -c -g -O2  conftest.c >&5
conftest.c:54:10: fatal error: minix/config.h: No such file or directory
 #include <minix/config.h>
          ^~~~~~~~~~~~~~~~
compilation terminated.
configure:4474: $? = 1
configure: failed program was:
| /* confdefs.h */
| #define PACKAGE_NAME "bluez"
| #define PACKAGE_TARNAME "bluez"
| #define PACKAGE_VERSION "5.41"
| #define PACKAGE_STRING "bluez 5.41"
| #define PACKAGE_BUGREPORT ""
| #define PACKAGE_URL ""
| #define PACKAGE "bluez"
| #define VERSION "5.41"
| #define STDC_HEADERS 1
| #define HAVE_SYS_TYPES_H 1
| #define HAVE_SYS_STAT_H 1
| #define HAVE_STDLIB_H 1
| #define HAVE_STRING_H 1
| #define HAVE_MEMORY_H 1
| #define HAVE_STRINGS_H 1
| #define HAVE_INTTYPES_H 1
| #define HAVE_STDINT_H 1
| #define HAVE_UNISTD_H 1
| /* end confdefs.h.  */
| #include <stdio.h>
| #ifdef HAVE_SYS_TYPES_H
| # include <sys/types.h>
| #endif
| #ifdef HAVE_SYS_STAT_H
| # include <sys/stat.h>
| #endif
| #ifdef STDC_HEADERS
| # include <stdlib.h>
| # include <stddef.h>
| #else
| # ifdef HAVE_STDLIB_H
| #  include <stdlib.h>
| # endif
| #endif
| #ifdef HAVE_STRING_H
| # if !defined STDC_HEADERS && defined HAVE_MEMORY_H
| #  include <memory.h>
| # endif
| # include <string.h>
| #endif
| #ifdef HAVE_STRINGS_H
| # include <strings.h>
| #endif
| #ifdef HAVE_INTTYPES_H
| # include <inttypes.h>
| #endif
| #ifdef HAVE_STDINT_H
| # include <stdint.h>
| #endif
| #ifdef HAVE_UNISTD_H
| # include <unistd.h>
| #endif
| #include <minix/config.h>
configure:4474: result: no
configure:4474: checking minix/config.h presence
configure:4474: gcc -E  conftest.c
conftest.c:21:10: fatal error: minix/config.h: No such file or directory
 #include <minix/config.h>
          ^~~~~~~~~~~~~~~~
compilation terminated.
configure:4474: $? = 1
configure: failed program was:
| /* confdefs.h */
| #define PACKAGE_NAME "bluez"
| #define PACKAGE_TARNAME "bluez"
| #define PACKAGE_VERSION "5.41"
| #define PACKAGE_STRING "bluez 5.41"
| #define PACKAGE_BUGREPORT ""
| #define PACKAGE_URL ""
| #define PACKAGE "bluez"
| #define VERSION "5.41"
| #define STDC_HEADERS 1
| #define HAVE_SYS_TYPES_H 1
| #define HAVE_SYS_STAT_H 1
| #define HAVE_STDLIB_H 1
| #define HAVE_STRING_H 1
| #define HAVE_MEMORY_H 1
| #define HAVE_STRINGS_H 1
| #define HAVE_INTTYPES_H 1
| #define HAVE_STDINT_H 1
| #define HAVE_UNISTD_H 1
| /* end confdefs.h.  */
| #include <minix/config.h>
configure:4474: result: no
configure:4474: checking for minix/config.h
configure:4474: result: no
configure:4495: checking whether it is safe to define __EXTENSIONS__
configure:4513: gcc -c -g -O2  conftest.c >&5
configure:4513: $? = 0
configure:4520: result: yes
configure:4546: checking whether make supports nested variables
configure:4563: result: yes
configure:4576: checking whether to enable maintainer-specific portions of Makefiles
configure:4585: result: no
configure:4655: checking for pkg-config
configure:4673: found /usr/bin/pkg-config
configure:4685: result: /usr/bin/pkg-config
configure:4710: checking pkg-config is at least version 0.9.0
configure:4713: result: yes
configure:4749: checking for C/C++ restrict keyword
configure:4774: gcc -c -g -O2  conftest.c >&5
configure:4774: $? = 0
configure:4782: result: __restrict
configure:4844: checking for gcc
configure:4871: result: gcc
configure:5100: checking for C compiler version
configure:5109: gcc --version >&5
gcc (Raspbian 8.3.0-6+rpi1) 8.3.0
Copyright (C) 2018 Free Software Foundation, Inc.
This is free software; see the source for copying conditions.  There is NO
warranty; not even for MERCHANTABILITY or FITNESS FOR A PARTICULAR PURPOSE.

configure:5120: $? = 0
configure:5109: gcc -v >&5
Using built-in specs.
COLLECT_GCC=gcc
COLLECT_LTO_WRAPPER=/usr/lib/gcc/arm-linux-gnueabihf/8/lto-wrapper
Target: arm-linux-gnueabihf
Configured with: ../src/configure -v --with-pkgversion='Raspbian 8.3.0-6+rpi1' --with-bugurl=file:///usr/share/doc/gcc-8/README.Bugs --enable-languages=c,ada,c++,go,d,fortran,objc,obj-c++ --prefix=/usr --with-gcc-major-version-only --program-suffix=-8 --program-prefix=arm-linux-gnueabihf- --enable-shared --enable-linker-build-id --libexecdir=/usr/lib --without-included-gettext --enable-threads=posix --libdir=/usr/lib --enable-nls --enable-bootstrap --enable-clocale=gnu --enable-libstdcxx-debug --enable-libstdcxx-time=yes --with-default-libstdcxx-abi=new --enable-gnu-unique-object --disable-libitm --disable-libquadmath --disable-libquadmath-support --enable-plugin --with-system-zlib --with-target-system-zlib --enable-objc-gc=auto --enable-multiarch --disable-sjlj-exceptions --with-arch=armv6 --with-fpu=vfp --with-float=hard --disable-werror --enable-checking=release --build=arm-linux-gnueabihf --host=arm-linux-gnueabihf --target=arm-linux-gnueabihf
Thread model: posix
gcc version 8.3.0 (Raspbian 8.3.0-6+rpi1) 
configure:5120: $? = 0
configure:5109: gcc -V >&5
gcc: error: unrecognized command line option '-V'
gcc: fatal error: no input files
compilation terminated.
configure:5120: $? = 1
configure:5109: gcc -qversion >&5
gcc: error: unrecognized command line option '-qversion'; did you mean '--version'?
gcc: fatal error: no input files
compilation terminated.
configure:5120: $? = 1
configure:5124: checking whether we are using the GNU C compiler
configure:5152: result: yes
configure:5161: checking whether gcc accepts -g
configure:5222: result: yes
configure:5239: checking for gcc option to accept ISO C89
configure:5315: result: none needed
configure:5340: checking whether gcc understands -c and -o together
configure:5377: result: yes
configure:5396: checking dependency style of gcc
configure:5507: result: gcc3
configure:5524: checking whether gcc accepts -fPIE
configure:5539: result: yes
configure:5608: checking build system type
configure:5622: result: armv6l-unknown-linux-gnueabihf
configure:5642: checking host system type
configure:5655: result: armv6l-unknown-linux-gnueabihf
configure:5696: checking how to print strings
configure:5723: result: printf
configure:5744: checking for a sed that does not truncate output
configure:5808: result: /bin/sed
configure:5826: checking for fgrep
configure:5888: result: /bin/grep -F
configure:5923: checking for ld used by gcc
configure:5990: result: /usr/bin/ld
configure:5997: checking if the linker (/usr/bin/ld) is GNU ld
configure:6012: result: yes
configure:6024: checking for BSD- or MS-compatible name lister (nm)
configure:6073: result: /usr/bin/nm -B
configure:6203: checking the name lister (/usr/bin/nm -B) interface
configure:6210: gcc -c -g -O2  conftest.c >&5
configure:6213: /usr/bin/nm -B "conftest.o"
configure:6216: output
00000000 B some_variable
configure:6217: result: BSD nm
configure:6220: checking whether ln -s works
configure:6224: result: yes
configure:6232: checking the maximum length of command line arguments
configure:6363: result: 1572864
configure:6380: checking whether the shell understands some XSI constructs
configure:6389: result: yes
configure:6393: checking whether the shell understands "+="
configure:6397: result: yes
configure:6432: checking how to convert armv6l-unknown-linux-gnueabihf file names to armv6l-unknown-linux-gnueabihf format
configure:6472: result: func_convert_file_noop
configure:6479: checking how to convert armv6l-unknown-linux-gnueabihf file names to toolchain format
configure:6499: result: func_convert_file_noop
configure:6506: checking for /usr/bin/ld option to reload object files
configure:6513: result: -r
configure:6587: checking for objdump
configure:6603: found /usr/bin/objdump
configure:6614: result: objdump
configure:6646: checking how to recognize dependent libraries
configure:6844: result: pass_all
configure:6929: checking for dlltool
configure:6959: result: no
configure:6989: checking how to associate runtime and link libraries
configure:7016: result: printf %s\n
configure:7076: checking for ar
configure:7092: found /usr/bin/ar
configure:7103: result: ar
configure:7140: checking for archiver @FILE support
configure:7157: gcc -c -g -O2  conftest.c >&5
configure:7157: $? = 0
configure:7160: ar cru libconftest.a @conftest.lst >&5
ar: `u' modifier ignored since `D' is the default (see `U')
configure:7163: $? = 0
configure:7168: ar cru libconftest.a @conftest.lst >&5
ar: `u' modifier ignored since `D' is the default (see `U')
ar: conftest.o: No such file or directory
configure:7171: $? = 1
configure:7170: result: @
configure:7228: checking for strip
configure:7244: found /usr/bin/strip
configure:7255: result: strip
configure:7327: checking for ranlib
configure:7343: found /usr/bin/ranlib
configure:7354: result: ranlib
configure:7456: checking command to parse /usr/bin/nm -B output from gcc object
configure:7576: gcc -c -g -O2  conftest.c >&5
configure:7579: $? = 0
configure:7583: /usr/bin/nm -B conftest.o \| sed -n -e 's/^.*[ ]\([ABCDGIRSTW][ABCDGIRSTW]*\)[ ][ ]*\([_A-Za-z][_A-Za-z0-9]*\)$/\1 \2 \2/p' | sed '/ __gnu_lto/d' \> conftest.nm
configure:7586: $? = 0
configure:7652: gcc -o conftest -g -O2   conftest.c conftstm.o >&5
configure:7655: $? = 0
configure:7693: result: ok
configure:7730: checking for sysroot
configure:7760: result: no
configure:8029: checking for mt
configure:8045: found /bin/mt
configure:8056: result: mt
configure:8079: checking if mt is a manifest tool
configure:8085: mt '-?'
configure:8093: result: no
configure:8732: checking for dlfcn.h
configure:8732: gcc -c -g -O2  conftest.c >&5
configure:8732: $? = 0
configure:8732: result: yes
configure:8908: checking for objdir
configure:8923: result: .libs
configure:9190: checking if gcc supports -fno-rtti -fno-exceptions
configure:9208: gcc -c -g -O2  -fno-rtti -fno-exceptions conftest.c >&5
cc1: warning: command line option '-fno-rtti' is valid for C++/ObjC++ but not for C
configure:9212: $? = 0
configure:9225: result: no
configure:9552: checking for gcc option to produce PIC
configure:9559: result: -fPIC -DPIC
configure:9567: checking if gcc PIC flag -fPIC -DPIC works
configure:9585: gcc -c -g -O2  -fPIC -DPIC -DPIC conftest.c >&5
configure:9589: $? = 0
configure:9602: result: yes
configure:9631: checking if gcc static flag -static works
configure:9659: result: yes
configure:9674: checking if gcc supports -c -o file.o
configure:9695: gcc -c -g -O2  -o out/conftest2.o conftest.c >&5
configure:9699: $? = 0
configure:9721: result: yes
configure:9729: checking if gcc supports -c -o file.o
configure:9776: result: yes
configure:9809: checking whether the gcc linker (/usr/bin/ld) supports shared libraries
configure:10966: result: yes
configure:11003: checking whether -lc should be explicitly linked in
configure:11011: gcc -c -g -O2  conftest.c >&5
configure:11014: $? = 0
configure:11029: gcc -shared  -fPIC -DPIC conftest.o  -v -Wl,-soname -Wl,conftest -o conftest 2\>\&1 \| /bin/grep  -lc  \>/dev/null 2\>\&1
configure:11032: $? = 0
configure:11046: result: no
configure:11206: checking dynamic linker characteristics
configure:11706: gcc -o conftest -g -O2   -Wl,-rpath -Wl,/foo conftest.c  >&5
configure:11706: $? = 0
configure:11940: result: GNU/Linux ld.so
configure:12047: checking how to hardcode library paths into programs
configure:12072: result: immediate
configure:12612: checking whether stripping libraries is possible
configure:12617: result: yes
configure:12652: checking if libtool supports shared libraries
configure:12654: result: yes
configure:12657: checking whether to build shared libraries
configure:12678: result: yes
configure:12681: checking whether to build static libraries
configure:12685: result: no
configure:9928: checking for signalfd
configure:9928: gcc -o conftest -g -O2   conftest.c  >&5
configure:9928: $? = 0
configure:9928: result: yes
configure:9936: checking for clock_gettime in -lrt
configure:9961: gcc -o conftest -g -O2   conftest.c -lrt   >&5
configure:9961: $? = 0
configure:9970: result: yes
configure:9979: checking for pthread_create in -lpthread
configure:10004: gcc -o conftest -g -O2   conftest.c -lpthread   >&5
configure:10004: $? = 0
configure:10013: result: yes
configure:10022: checking for dlopen in -ldl
configure:10047: gcc -o conftest -g -O2   conftest.c -ldl   >&5
configure:10047: $? = 0
configure:10056: result: yes
configure:10068: checking linux/types.h usability
configure:10068: gcc -c -g -O2  conftest.c >&5
configure:10068: $? = 0
configure:10068: result: yes
configure:10068: checking linux/types.h presence
configure:10068: gcc -E  conftest.c
configure:10068: $? = 0
configure:10068: result: yes
configure:10068: checking for linux/types.h
configure:10068: result: yes
configure:10068: checking linux/if_alg.h usability
configure:10068: gcc -c -g -O2  conftest.c >&5
configure:10068: $? = 0
configure:10068: result: yes
configure:10068: checking linux/if_alg.h presence
configure:10068: gcc -E  conftest.c
configure:10068: $? = 0
configure:10068: result: yes
configure:10068: checking for linux/if_alg.h
configure:10068: result: yes
configure:10081: checking for GLIB
configure:10088: $PKG_CONFIG --exists --print-errors "glib-2.0 >= 2.28"
configure:10091: $? = 0
configure:10105: $PKG_CONFIG --exists --print-errors "glib-2.0 >= 2.28"
configure:10108: $? = 0
configure:10146: result: yes
configure:10234: checking for DBUS
configure:10241: $PKG_CONFIG --exists --print-errors "dbus-1 >= 1.6"
configure:10244: $? = 0
configure:10258: $PKG_CONFIG --exists --print-errors "dbus-1 >= 1.6"
configure:10261: $? = 0
configure:10299: result: yes
configure:10313: checking D-Bus configuration directory
configure:10319: result: /etc
configure:10332: checking D-Bus system bus services dir
configure:10338: result: /usr/share/dbus-1/system-services
configure:10351: checking D-Bus session bus services dir
configure:10357: result: /usr/share/dbus-1/services
configure:10451: checking for UDEV
configure:10458: $PKG_CONFIG --exists --print-errors "libudev >= 172"
configure:10461: $? = 0
configure:10475: $PKG_CONFIG --exists --print-errors "libudev >= 172"
configure:10478: $? = 0
configure:10516: result: yes
configure:10522: checking for udev_hwdb_new in -ludev
configure:10547: gcc -o conftest -g -O2   conftest.c -ludev   >&5
configure:10547: $? = 0
configure:10556: result: yes
configure:10581: checking udev directory
configure:10587: result: /lib/udev
configure:10625: checking for ICAL
configure:10632: $PKG_CONFIG --exists --print-errors "libical"
configure:10635: $? = 0
configure:10649: $PKG_CONFIG --exists --print-errors "libical"
configure:10652: $? = 0
configure:10690: result: yes
configure:10723: checking readline/readline.h usability
configure:10723: gcc -c -g -O2  conftest.c >&5
configure:10723: $? = 0
configure:10723: result: yes
configure:10723: checking readline/readline.h presence
configure:10723: gcc -E  conftest.c
configure:10723: $? = 0
configure:10723: result: yes
configure:10723: checking for readline/readline.h
configure:10723: result: yes
configure:11176: checking that generated files are newer than configure
configure:11182: result: done
configure:11293: creating ./config.status

## ---------------------- ##
## Running config.status. ##
## ---------------------- ##

This file was extended by bluez config.status 5.41, which was
generated by GNU Autoconf 2.69.  Invocation command line was

  CONFIG_FILES    = 
  CONFIG_HEADERS  = 
  CONFIG_LINKS    = 
  CONFIG_COMMANDS = 
  $ ./config.status 

on raspberrypi

config.status:1166: creating Makefile
config.status:1166: creating src/bluetoothd.8
config.status:1166: creating lib/bluez.pc
config.status:1166: creating config.h
config.status:1395: executing depfiles commands
config.status:1395: executing libtool commands

## ---------------- ##
## Cache variables. ##
## ---------------- ##

ac_cv_build=armv6l-unknown-linux-gnueabihf
ac_cv_c_compiler_gnu=yes
ac_cv_c_restrict=__restrict
ac_cv_env_CC_set=
ac_cv_env_CC_value=
ac_cv_env_CFLAGS_set=
ac_cv_env_CFLAGS_value=
ac_cv_env_CPPFLAGS_set=
ac_cv_env_CPPFLAGS_value=
ac_cv_env_CPP_set=
ac_cv_env_CPP_value=
ac_cv_env_DBUS_CFLAGS_set=
ac_cv_env_DBUS_CFLAGS_value=
ac_cv_env_DBUS_LIBS_set=
ac_cv_env_DBUS_LIBS_value=
ac_cv_env_GLIB_CFLAGS_set=
ac_cv_env_GLIB_CFLAGS_value=
ac_cv_env_GLIB_LIBS_set=
ac_cv_env_GLIB_LIBS_value=
ac_cv_env_GTHREAD_CFLAGS_set=
ac_cv_env_GTHREAD_CFLAGS_value=
ac_cv_env_GTHREAD_LIBS_set=
ac_cv_env_GTHREAD_LIBS_value=
ac_cv_env_ICAL_CFLAGS_set=
ac_cv_env_ICAL_CFLAGS_value=
ac_cv_env_ICAL_LIBS_set=
ac_cv_env_ICAL_LIBS_value=
ac_cv_env_LDFLAGS_set=
ac_cv_env_LDFLAGS_value=
ac_cv_env_LIBS_set=
ac_cv_env_LIBS_value=
ac_cv_env_PKG_CONFIG_LIBDIR_set=
ac_cv_env_PKG_CONFIG_LIBDIR_value=
ac_cv_env_PKG_CONFIG_PATH_set=
ac_cv_env_PKG_CONFIG_PATH_value=
ac_cv_env_PKG_CONFIG_set=
ac_cv_env_PKG_CONFIG_value=
ac_cv_env_SBC_CFLAGS_set=
ac_cv_env_SBC_CFLAGS_value=
ac_cv_env_SBC_LIBS_set=
ac_cv_env_SBC_LIBS_value=
ac_cv_env_SPEEXDSP_CFLAGS_set=
ac_cv_env_SPEEXDSP_CFLAGS_value=
ac_cv_env_SPEEXDSP_LIBS_set=
ac_cv_env_SPEEXDSP_LIBS_value=
ac_cv_env_UDEV_CFLAGS_set=
ac_cv_env_UDEV_CFLAGS_value=
ac_cv_env_UDEV_LIBS_set=
ac_cv_env_UDEV_LIBS_value=
ac_cv_env_build_alias_set=
ac_cv_env_build_alias_value=
ac_cv_env_host_alias_set=
ac_cv_env_host_alias_value=
ac_cv_env_target_alias_set=
ac_cv_env_target_alias_value=
ac_cv_func_signalfd=yes
ac_cv_header_dlfcn_h=yes
ac_cv_header_inttypes_h=yes
ac_cv_header_linux_if_alg_h=yes
ac_cv_header_linux_types_h=yes
ac_cv_header_memory_h=yes
ac_cv_header_minix_config_h=no
ac_cv_header_readline_readline_h=yes
ac_cv_header_stdc=yes
ac_cv_header_stdint_h=yes
ac_cv_header_stdlib_h=yes
ac_cv_header_string_h=yes
ac_cv_header_strings_h=yes
ac_cv_header_sys_stat_h=yes
ac_cv_header_sys_types_h=yes
ac_cv_header_unistd_h=yes
ac_cv_host=armv6l-unknown-linux-gnueabihf
ac_cv_lib_dl_dlopen=yes
ac_cv_lib_pthread_pthread_create=yes
ac_cv_lib_rt_clock_gettime=yes
ac_cv_lib_udev_udev_hwdb_new=yes
ac_cv_objext=o
ac_cv_path_EGREP='/bin/grep -E'
ac_cv_path_FGREP='/bin/grep -F'
ac_cv_path_GREP=/bin/grep
ac_cv_path_SED=/bin/sed
ac_cv_path_ac_pt_PKG_CONFIG=/usr/bin/pkg-config
ac_cv_path_install='/usr/bin/install -c'
ac_cv_path_mkdir=/bin/mkdir
ac_cv_prog_AWK=mawk
ac_cv_prog_CPP='gcc -E'
ac_cv_prog_ac_ct_AR=ar
ac_cv_prog_ac_ct_CC=gcc
ac_cv_prog_ac_ct_MANIFEST_TOOL=mt
ac_cv_prog_ac_ct_OBJDUMP=objdump
ac_cv_prog_ac_ct_RANLIB=ranlib
ac_cv_prog_ac_ct_STRIP=strip
ac_cv_prog_cc_c89=
ac_cv_prog_cc_g=yes
ac_cv_prog_cc_pie=yes
ac_cv_prog_make_make_set=yes
ac_cv_safe_to_define___extensions__=yes
am_cv_CC_dependencies_compiler_type=gcc3
am_cv_make_support_nested_variables=yes
am_cv_prog_cc_c_o=yes
am_cv_prog_tar_pax=gnutar
lt_cv_ar_at_file=@
lt_cv_archive_cmds_need_lc=no
lt_cv_deplibs_check_method=pass_all
lt_cv_file_magic_cmd='$MAGIC_CMD'
lt_cv_file_magic_test_file=
lt_cv_ld_reload_flag=-r
lt_cv_nm_interface='BSD nm'
lt_cv_objdir=.libs
lt_cv_path_LD=/usr/bin/ld
lt_cv_path_NM='/usr/bin/nm -B'
lt_cv_path_mainfest_tool=no
lt_cv_prog_compiler_c_o=yes
lt_cv_prog_compiler_pic='-fPIC -DPIC'
lt_cv_prog_compiler_pic_works=yes
lt_cv_prog_compiler_rtti_exceptions=no
lt_cv_prog_compiler_static_works=yes
lt_cv_prog_gnu_ld=yes
lt_cv_sharedlib_from_linklib_cmd='printf %s\n'
lt_cv_shlibpath_overrides_runpath=yes
lt_cv_sys_global_symbol_pipe='sed -n -e '\''s/^.*[	 ]\([ABCDGIRSTW][ABCDGIRSTW]*\)[	 ][	 ]*\([_A-Za-z][_A-Za-z0-9]*\)$/\1 \2 \2/p'\'' | sed '\''/ __gnu_lto/d'\'''
lt_cv_sys_global_symbol_to_c_name_address='sed -n -e '\''s/^: \([^ ]*\)[ ]*$/  {\"\1\", (void *) 0},/p'\'' -e '\''s/^[ABCDGIRSTW]* \([^ ]*\) \([^ ]*\)$/  {"\2", (void *) \&\2},/p'\'''
lt_cv_sys_global_symbol_to_c_name_address_lib_prefix='sed -n -e '\''s/^: \([^ ]*\)[ ]*$/  {\"\1\", (void *) 0},/p'\'' -e '\''s/^[ABCDGIRSTW]* \([^ ]*\) \(lib[^ ]*\)$/  {"\2", (void *) \&\2},/p'\'' -e '\''s/^[ABCDGIRSTW]* \([^ ]*\) \([^ ]*\)$/  {"lib\2", (void *) \&\2},/p'\'''
lt_cv_sys_global_symbol_to_cdecl='sed -n -e '\''s/^T .* \(.*\)$/extern int \1();/p'\'' -e '\''s/^[ABCDGIRSTW]* .* \(.*\)$/extern char \1;/p'\'''
lt_cv_sys_max_cmd_len=1572864
lt_cv_to_host_file_cmd=func_convert_file_noop
lt_cv_to_tool_file_cmd=func_convert_file_noop
pkg_cv_DBUS_CFLAGS='-I/usr/include/dbus-1.0 -I/usr/lib/arm-linux-gnueabihf/dbus-1.0/include'
pkg_cv_DBUS_LIBS=-ldbus-1
pkg_cv_GLIB_CFLAGS='-I/usr/include/glib-2.0 -I/usr/lib/arm-linux-gnueabihf/glib-2.0/include'
pkg_cv_GLIB_LIBS=-lglib-2.0
pkg_cv_ICAL_CFLAGS=
pkg_cv_ICAL_LIBS='-lical -licalss -licalvcal'
pkg_cv_UDEV_CFLAGS=
pkg_cv_UDEV_LIBS=-ludev

## ----------------- ##
## Output variables. ##
## ----------------- ##

ACLOCAL='${SHELL} /home/pi/bluez-5.41/missing aclocal-1.14'
AMDEPBACKSLASH='\'
AMDEP_FALSE='#'
AMDEP_TRUE=''
AMTAR='$${TAR-tar}'
AM_BACKSLASH='\'
AM_DEFAULT_V='$(AM_DEFAULT_VERBOSITY)'
AM_DEFAULT_VERBOSITY='0'
AM_V='$(V)'
ANDROID_FALSE=''
ANDROID_TRUE='#'
AR='ar'
AUTOCONF='${SHELL} /home/pi/bluez-5.41/missing autoconf'
AUTOHEADER='${SHELL} /home/pi/bluez-5.41/missing autoheader'
AUTOMAKE='${SHELL} /home/pi/bluez-5.41/missing automake-1.14'
AWK='mawk'
BACKTRACE_CFLAGS=''
BACKTRACE_LIBS=''
CC='gcc'
CCDEPMODE='depmode=gcc3'
CFLAGS='-g -O2'
CLIENT_FALSE='#'
CLIENT_TRUE=''
CONFIGDIR='/usr/local/etc/bluetooth'
COVERAGE_FALSE=''
COVERAGE_TRUE='#'
CPP='gcc -E'
CPPFLAGS=''
CUPS_FALSE='#'
CUPS_TRUE=''
CYGPATH_W='echo'
DATAFILES_FALSE='#'
DATAFILES_TRUE=''
DBUS_CFLAGS='-I/usr/include/dbus-1.0 -I/usr/lib/arm-linux-gnueabihf/dbus-1.0/include'
DBUS_CONFDIR='/etc'
DBUS_LIBS='-ldbus-1'
DBUS_RUN_SESSION_FALSE=''
DBUS_RUN_SESSION_TRUE='#'
DBUS_SESSIONBUSDIR='/usr/share/dbus-1/services'
DBUS_SYSTEMBUSDIR='/usr/share/dbus-1/system-services'
DEFS='-DHAVE_CONFIG_H'
DEPDIR='.deps'
DEPRECATED_FALSE=''
DEPRECATED_TRUE='#'
DLLTOOL='false'
DSYMUTIL=''
DUMPBIN=''
ECHO_C=''
ECHO_N='-n'
ECHO_T=''
EGREP='/bin/grep -E'
EXEEXT=''
EXPERIMENTAL_FALSE=''
EXPERIMENTAL_TRUE='#'
FGREP='/bin/grep -F'
GLIB_CFLAGS='-I/usr/include/glib-2.0 -I/usr/lib/arm-linux-gnueabihf/glib-2.0/include'
GLIB_LIBS='-lglib-2.0'
GREP='/bin/grep'
GTHREAD_CFLAGS=''
GTHREAD_LIBS=''
HID2HCI_FALSE='#'
HID2HCI_TRUE=''
ICAL_CFLAGS=''
ICAL_LIBS='-lical -licalss -licalvcal'
INSTALL_DATA='${INSTALL} -m 644'
INSTALL_PROGRAM='${INSTALL}'
INSTALL_SCRIPT='${INSTALL}'
INSTALL_STRIP_PROGRAM='$(install_sh) -c -s'
LD='/usr/bin/ld'
LDFLAGS=''
LIBOBJS=''
LIBRARY_FALSE=''
LIBRARY_TRUE='#'
LIBS=''
LIBTOOL='$(SHELL) $(top_builddir)/libtool'
LIPO=''
LN_S='ln -s'
LTLIBOBJS=''
MAINT='#'
MAINTAINER_MODE_FALSE=''
MAINTAINER_MODE_TRUE='#'
MAKEINFO='${SHELL} /home/pi/bluez-5.41/missing makeinfo'
MANIFEST_TOOL=':'
MANPAGES_FALSE=''
MANPAGES_TRUE='#'
MISC_CFLAGS=''
MISC_LDFLAGS=''
MKDIR_P='/bin/mkdir -p'
MONITOR_FALSE='#'
MONITOR_TRUE=''
NM='/usr/bin/nm -B'
NMEDIT=''
OBEX_FALSE='#'
OBEX_TRUE=''
OBJDUMP='objdump'
OBJEXT='o'
OTOOL64=''
OTOOL=''
PACKAGE='bluez'
PACKAGE_BUGREPORT=''
PACKAGE_NAME='bluez'
PACKAGE_STRING='bluez 5.41'
PACKAGE_TARNAME='bluez'
PACKAGE_URL=''
PACKAGE_VERSION='5.41'
PATH_SEPARATOR=':'
PKG_CONFIG='/usr/bin/pkg-config'
PKG_CONFIG_LIBDIR=''
PKG_CONFIG_PATH=''
RANLIB='ranlib'
READLINE_FALSE='#'
READLINE_TRUE=''
SBC_CFLAGS=''
SBC_LIBS=''
SED='/bin/sed'
SET_MAKE=''
SHELL='/bin/bash'
SIXAXIS_FALSE=''
SIXAXIS_TRUE='#'
SPEEXDSP_CFLAGS=''
SPEEXDSP_LIBS=''
STRIP='strip'
SYSTEMD_FALSE=''
SYSTEMD_SYSTEMUNITDIR=''
SYSTEMD_TRUE='#'
SYSTEMD_USERUNITDIR=''
TEST_FALSE=''
TEST_TRUE='#'
TOOLS_FALSE='#'
TOOLS_TRUE=''
UDEV_CFLAGS=''
UDEV_DIR='/lib/udev'
UDEV_FALSE='#'
UDEV_LIBS='-ludev'
UDEV_TRUE=''
VALGRIND_FALSE=''
VALGRIND_TRUE='#'
VERSION='5.41'
WARNING_CFLAGS=''
ac_ct_AR='ar'
ac_ct_CC='gcc'
ac_ct_DUMPBIN=''
am__EXEEXT_FALSE=''
am__EXEEXT_TRUE='#'
am__fastdepCC_FALSE='#'
am__fastdepCC_TRUE=''
am__include='include'
am__isrc=''
am__leading_dot='.'
am__nodep='_no'
am__quote=''
am__tar='tar --format=posix -chf - "$$tardir"'
am__untar='tar -xf -'
bindir='${exec_prefix}/bin'
build='armv6l-unknown-linux-gnueabihf'
build_alias=''
build_cpu='armv6l'
build_os='linux-gnueabihf'
build_vendor='unknown'
datadir='${datarootdir}'
datarootdir='${prefix}/share'
docdir='${datarootdir}/doc/${PACKAGE_TARNAME}'
dvidir='${docdir}'
enable_coverage=''
enable_dbus_run_session=''
enable_valgrind=''
exec_prefix='${prefix}'
host='armv6l-unknown-linux-gnueabihf'
host_alias=''
host_cpu='armv6l'
host_os='linux-gnueabihf'
host_vendor='unknown'
htmldir='${docdir}'
includedir='${prefix}/include'
infodir='${datarootdir}/info'
install_sh='${SHELL} /home/pi/bluez-5.41/install-sh'
libdir='${exec_prefix}/lib'
libexecdir='${exec_prefix}/libexec'
localedir='${datarootdir}/locale'
localstatedir='/var'
mandir='${datarootdir}/man'
mkdir_p='$(MKDIR_P)'
oldincludedir='/usr/include'
pdfdir='${docdir}'
prefix='/usr/local'
program_transform_name='s,x,x,'
psdir='${docdir}'
sbindir='${exec_prefix}/sbin'
sharedstatedir='${prefix}/com'
sysconfdir='${prefix}/etc'
target_alias=''

## ----------- ##
## confdefs.h. ##
## ----------- ##

/* confdefs.h */
#define PACKAGE_NAME "bluez"
#define PACKAGE_TARNAME "bluez"
#define PACKAGE_VERSION "5.41"
#define PACKAGE_STRING "bluez 5.41"
#define PACKAGE_BUGREPORT ""
#define PACKAGE_URL ""
#define PACKAGE "bluez"
#define VERSION "5.41"
#define STDC_HEADERS 1
#define HAVE_SYS_TYPES_H 1
#define HAVE_SYS_STAT_H 1
#define HAVE_STDLIB_H 1
#define HAVE_STRING_H 1
#define HAVE_MEMORY_H 1
#define HAVE_STRINGS_H 1
#define HAVE_INTTYPES_H 1
#define HAVE_STDINT_H 1
#define HAVE_UNISTD_H 1
#define __EXTENSIONS__ 1
#define _ALL_SOURCE 1
#define _GNU_SOURCE 1
#define _POSIX_PTHREAD_SEMANTICS 1
#define _TANDEM_SOURCE 1
#define restrict __restrict
#define HAVE_DLFCN_H 1
#define LT_OBJDIR ".libs/"
#define HAVE_LINUX_TYPES_H 1
#define HAVE_LINUX_IF_ALG_H 1
#define HAVE_UDEV_HWDB_NEW 1
#define HAVE_READLINE_READLINE_H 1
#define STORAGEDIR "/var/lib/bluetooth"
#define CONFIGDIR "/usr/local/etc/bluetooth"
#define ANDROID_STORAGEDIR "/var/lib/bluetooth/android"

configure: exit 0
